<?xml version="1.0" encoding="UTF-8"?>
<testng-results skipped="0" failed="1" total="2" passed="1">
  <reporter-output>
  </reporter-output>
  <suite name="Default suite" duration-ms="807110" started-at="2016-12-03T11:09:07Z" finished-at="2016-12-03T11:22:34Z">
    <groups>
    </groups>
    <test name="Default test" duration-ms="807110" started-at="2016-12-03T11:09:07Z" finished-at="2016-12-03T11:22:34Z">
      <class name="Test.Test1">
        <test-method status="PASS" signature="initializeDrivers()[pri:0, instance:Test.Test1@15eb5ee5]" name="initializeDrivers" is-config="true" duration-ms="10475" started-at="2016-12-03T16:39:07Z" finished-at="2016-12-03T16:39:18Z">
          <reporter-output>
          </reporter-output>
        </test-method> <!-- initializeDrivers -->
        <test-method status="PASS" signature="executeTestCase()[pri:0, instance:Test.Test1@15eb5ee5]" name="executeTestCase" duration-ms="9" started-at="2016-12-03T16:39:18Z" finished-at="2016-12-03T16:39:18Z">
          <reporter-output>
          </reporter-output>
        </test-method> <!-- executeTestCase -->
        <test-method status="PASS" signature="tearDown(org.testng.ITestResult)[pri:0, instance:Test.Test1@15eb5ee5]" name="tearDown" is-config="true" duration-ms="3070" started-at="2016-12-03T16:39:18Z" finished-at="2016-12-03T16:39:21Z">
          <params>
            <param index="0">
              <value>
                <![CDATA[[TestResult name=executeTestCase status=SUCCESS method=Base.executeTestCase()[pri:0, instance:Test.Test1@15eb5ee5] output={null}]]]>
              </value>
            </param>
          </params>
          <reporter-output>
          </reporter-output>
        </test-method> <!-- tearDown -->
        <test-method status="PASS" signature="initializeDrivers()[pri:0, instance:Test.Test1@15eb5ee5]" name="initializeDrivers" is-config="true" duration-ms="9232" started-at="2016-12-03T16:39:21Z" finished-at="2016-12-03T16:39:30Z">
          <reporter-output>
          </reporter-output>
        </test-method> <!-- initializeDrivers -->
        <test-method status="FAIL" signature="filingData()[pri:0, instance:Test.Test1@15eb5ee5]" name="filingData" duration-ms="781108" started-at="2016-12-03T16:39:30Z" finished-at="2016-12-03T16:52:31Z">
          <exception class="org.openqa.selenium.NoSuchElementException">
            <message>
              <![CDATA[An element could not be located on the page using the given search parameters. (WARNING: The server did not provide any stacktrace information)
Command duration or timeout: 40.55 seconds
For documentation on this error, please visit: http://seleniumhq.org/exceptions/no_such_element.html
Build info: version: 'unknown', revision: 'c7b525d', time: '2016-09-01 14:52:30 -0700'
System info: host: 'shishir-Lenovo-B40-70', ip: '127.0.1.1', os.name: 'Linux', os.arch: 'amd64', os.version: '4.4.0-51-generic', java.version: '1.8.0_111'
Driver info: io.appium.java_client.android.AndroidDriver
Capabilities [{app=/home/shishir/workspace/collectApp/app/Collect_com.socialcops.collect.apk, appPackage=com.socialcops.collect, networkConnectionEnabled=true, warnings={}, appWaitPackage=com.socialcops.collect, appWaitActivity=com.socialcops.collect.view.activity.MainActivity, app-package=com.socialcops.collect, app-activity=com.socialcops.collect.view.activity.MainActivity, databaseEnabled=false, deviceName=072dbffd13ccaa7f, platform=LINUX, deviceUDID=072dbffd13ccaa7f, appActivity=com.socialcops.collect.view.activity.MainActivity, desired={app=/home/shishir/workspace/collectApp/app/Collect_com.socialcops.collect.apk, app-package=com.socialcops.collect, app-activity=com.socialcops.collect.view.activity.MainActivity, platformName=Android, deviceName=Android Device}, platformVersion=6.0.1, webStorageEnabled=false, locationContextEnabled=false, takesScreenshot=true, javascriptEnabled=true, platformName=Android}]
Session ID: 9fd11ee5-35d6-4d09-a713-1ae5acc7f120
*** Element info: {Using=id, value=com.socialcops.collect:id/textView_que_description}]]>
            </message>
            <full-stacktrace>
              <![CDATA[org.openqa.selenium.NoSuchElementException: An element could not be located on the page using the given search parameters. (WARNING: The server did not provide any stacktrace information)
Command duration or timeout: 40.55 seconds
For documentation on this error, please visit: http://seleniumhq.org/exceptions/no_such_element.html
Build info: version: 'unknown', revision: 'c7b525d', time: '2016-09-01 14:52:30 -0700'
System info: host: 'shishir-Lenovo-B40-70', ip: '127.0.1.1', os.name: 'Linux', os.arch: 'amd64', os.version: '4.4.0-51-generic', java.version: '1.8.0_111'
Driver info: io.appium.java_client.android.AndroidDriver
Capabilities [{app=/home/shishir/workspace/collectApp/app/Collect_com.socialcops.collect.apk, appPackage=com.socialcops.collect, networkConnectionEnabled=true, warnings={}, appWaitPackage=com.socialcops.collect, appWaitActivity=com.socialcops.collect.view.activity.MainActivity, app-package=com.socialcops.collect, app-activity=com.socialcops.collect.view.activity.MainActivity, databaseEnabled=false, deviceName=072dbffd13ccaa7f, platform=LINUX, deviceUDID=072dbffd13ccaa7f, appActivity=com.socialcops.collect.view.activity.MainActivity, desired={app=/home/shishir/workspace/collectApp/app/Collect_com.socialcops.collect.apk, app-package=com.socialcops.collect, app-activity=com.socialcops.collect.view.activity.MainActivity, platformName=Android, deviceName=Android Device}, platformVersion=6.0.1, webStorageEnabled=false, locationContextEnabled=false, takesScreenshot=true, javascriptEnabled=true, platformName=Android}]
Session ID: 9fd11ee5-35d6-4d09-a713-1ae5acc7f120
*** Element info: {Using=id, value=com.socialcops.collect:id/textView_que_description}
	at sun.reflect.NativeConstructorAccessorImpl.newInstance0(Native Method)
	at sun.reflect.NativeConstructorAccessorImpl.newInstance(NativeConstructorAccessorImpl.java:62)
	at sun.reflect.DelegatingConstructorAccessorImpl.newInstance(DelegatingConstructorAccessorImpl.java:45)
	at java.lang.reflect.Constructor.newInstance(Constructor.java:423)
	at org.openqa.selenium.remote.ErrorHandler.createThrowable(ErrorHandler.java:206)
	at org.openqa.selenium.remote.ErrorHandler.throwIfResponseFailed(ErrorHandler.java:158)
	at org.openqa.selenium.remote.RemoteWebDriver.execute(RemoteWebDriver.java:631)
	at io.appium.java_client.DefaultGenericMobileDriver.execute(DefaultGenericMobileDriver.java:40)
	at io.appium.java_client.AppiumDriver.execute(AppiumDriver.java:1)
	at io.appium.java_client.android.AndroidDriver.execute(AndroidDriver.java:1)
	at org.openqa.selenium.remote.RemoteWebDriver.findElement(RemoteWebDriver.java:369)
	at io.appium.java_client.DefaultGenericMobileDriver.findElement(DefaultGenericMobileDriver.java:56)
	at io.appium.java_client.AppiumDriver.findElement(AppiumDriver.java:1)
	at io.appium.java_client.android.AndroidDriver.findElement(AndroidDriver.java:1)
	at org.openqa.selenium.remote.RemoteWebDriver.findElementById(RemoteWebDriver.java:418)
	at io.appium.java_client.DefaultGenericMobileDriver.findElementById(DefaultGenericMobileDriver.java:64)
	at io.appium.java_client.AppiumDriver.findElementById(AppiumDriver.java:1)
	at io.appium.java_client.android.AndroidDriver.findElementById(AndroidDriver.java:1)
	at org.openqa.selenium.By$ById.findElement(By.java:218)
	at org.openqa.selenium.remote.RemoteWebDriver.findElement(RemoteWebDriver.java:361)
	at io.appium.java_client.DefaultGenericMobileDriver.findElement(DefaultGenericMobileDriver.java:52)
	at io.appium.java_client.AppiumDriver.findElement(AppiumDriver.java:1)
	at io.appium.java_client.android.AndroidDriver.findElement(AndroidDriver.java:1)
	at Test.Test1.fillField(Test1.java:112)
	at Test.Test1.filingData(Test1.java:70)
	at sun.reflect.NativeMethodAccessorImpl.invoke0(Native Method)
	at sun.reflect.NativeMethodAccessorImpl.invoke(NativeMethodAccessorImpl.java:62)
	at sun.reflect.DelegatingMethodAccessorImpl.invoke(DelegatingMethodAccessorImpl.java:43)
	at java.lang.reflect.Method.invoke(Method.java:498)
	at org.testng.internal.MethodInvocationHelper.invokeMethod(MethodInvocationHelper.java:100)
	at org.testng.internal.Invoker.invokeMethod(Invoker.java:646)
	at org.testng.internal.Invoker.invokeTestMethod(Invoker.java:811)
	at org.testng.internal.Invoker.invokeTestMethods(Invoker.java:1137)
	at org.testng.internal.TestMethodWorker.invokeTestMethods(TestMethodWorker.java:129)
	at org.testng.internal.TestMethodWorker.run(TestMethodWorker.java:112)
	at org.testng.TestRunner.privateRun(TestRunner.java:753)
	at org.testng.TestRunner.run(TestRunner.java:607)
	at org.testng.SuiteRunner.runTest(SuiteRunner.java:368)
	at org.testng.SuiteRunner.runSequentially(SuiteRunner.java:363)
	at org.testng.SuiteRunner.privateRun(SuiteRunner.java:321)
	at org.testng.SuiteRunner.run(SuiteRunner.java:270)
	at org.testng.SuiteRunnerWorker.runSuite(SuiteRunnerWorker.java:52)
	at org.testng.SuiteRunnerWorker.run(SuiteRunnerWorker.java:86)
	at org.testng.TestNG.runSuitesSequentially(TestNG.java:1284)
	at org.testng.TestNG.runSuitesLocally(TestNG.java:1209)
	at org.testng.TestNG.runSuites(TestNG.java:1124)
	at org.testng.TestNG.run(TestNG.java:1096)
	at org.testng.remote.AbstractRemoteTestNG.run(AbstractRemoteTestNG.java:132)
	at org.testng.remote.RemoteTestNG.initAndRun(RemoteTestNG.java:236)
	at org.testng.remote.RemoteTestNG.main(RemoteTestNG.java:81)
]]>
            </full-stacktrace>
          </exception> <!-- org.openqa.selenium.NoSuchElementException -->
          <reporter-output>
          </reporter-output>
        </test-method> <!-- filingData -->
        <test-method status="PASS" signature="tearDown(org.testng.ITestResult)[pri:0, instance:Test.Test1@15eb5ee5]" name="tearDown" is-config="true" duration-ms="3184" started-at="2016-12-03T16:52:31Z" finished-at="2016-12-03T16:52:34Z">
          <params>
            <param index="0">
              <value>
                <![CDATA[[TestResult name=filingData status=FAILURE method=Test1.filingData()[pri:0, instance:Test.Test1@15eb5ee5] output={null}]]]>
              </value>
            </param>
          </params>
          <reporter-output>
          </reporter-output>
        </test-method> <!-- tearDown -->
      </class> <!-- Test.Test1 -->
    </test> <!-- Default test -->
  </suite> <!-- Default suite -->
</testng-results>
